app/build/intermediates/manifest_merge_blame_file/debug/manifest-merger-blame-debug-report.txt
1<?xml version="1.0" encoding="utf-8"?>
2<!--
3  ~ Copyright (C) 2021 The Android Open Source Project.
4  ~
5  ~ Licensed under the Apache License, Version 2.0 (the "License");
6  ~ you may not use this file except in compliance with the License.
7  ~ You may obtain a copy of the License at
8  ~
9  ~     http://www.apache.org/licenses/LICENSE-2.0
10  ~
11  ~ Unless required by applicable law or agreed to in writing, software
12  ~ distributed under the License is distributed on an "AS IS" BASIS,
13  ~ WITHOUT WARRANTIES OR CONDITIONS OF ANY KIND, either express or implied.
14  ~ See the License for the specific language governing permissions and
15  ~ limitations under the License.
16-->
17<manifest xmlns:android="http://schemas.android.com/apk/res/android"
18    package="com.example.forage"
19    android:versionCode="1"
20    android:versionName="1.0" >
21
22    <uses-sdk
23        android:minSdkVersion="21"
23-->src\main\AndroidManifest.xml
24        android:targetSdkVersion="30" />
24-->src\main\AndroidManifest.xml
25
26    <uses-permission android:name="android.permission.REORDER_TASKS" />
26-->[androidx.fragment:fragment-testing:1.3.3] AndroidManifest.xml:25:5-72
26-->[androidx.fragment:fragment-testing:1.3.3] AndroidManifest.xml:25:22-69
27
28    <application
28-->src\main\AndroidManifest.xml:20:5-38:19
29        android:name="com.example.forage.BaseApplication"
29-->src\main\AndroidManifest.xml:21:9-42
30        android:allowBackup="true"
30-->src\main\AndroidManifest.xml:22:9-35
31        android:appComponentFactory="androidx.core.app.CoreComponentFactory"
31-->[androidx.core:core:1.6.0] AndroidManifest.xml:24:18-86
32        android:debuggable="true"
33        android:icon="@mipmap/ic_launcher"
33-->src\main\AndroidManifest.xml:23:9-43
34        android:label="@string/app_name"
34-->src\main\AndroidManifest.xml:24:9-41
35        android:roundIcon="@mipmap/ic_launcher_round"
35-->src\main\AndroidManifest.xml:25:9-54
36        android:supportsRtl="true"
36-->src\main\AndroidManifest.xml:26:9-35
37        android:testOnly="true"
38        android:theme="@style/Theme.Forage" >
38-->src\main\AndroidManifest.xml:27:9-44
39        <activity
39-->src\main\AndroidManifest.xml:28:9-37:20
40            android:name="com.example.forage.MainActivity"
40-->src\main\AndroidManifest.xml:29:13-41
41            android:label="@string/app_name"
41-->src\main\AndroidManifest.xml:30:13-45
42            android:theme="@style/Theme.Forage.NoActionBar" >
42-->src\main\AndroidManifest.xml:31:13-60
43            <intent-filter>
43-->src\main\AndroidManifest.xml:32:13-36:29
44                <action android:name="android.intent.action.MAIN" />
44-->src\main\AndroidManifest.xml:33:17-69
44-->src\main\AndroidManifest.xml:33:25-66
45
46                <category android:name="android.intent.category.LAUNCHER" />
46-->src\main\AndroidManifest.xml:35:17-77
46-->src\main\AndroidManifest.xml:35:27-74
47            </intent-filter>
48        </activity>
49        <activity
49-->[androidx.fragment:fragment-testing:1.3.3] AndroidManifest.xml:28:9-37:20
50            android:name="androidx.fragment.app.testing.FragmentScenario$EmptyFragmentActivity"
50-->[androidx.fragment:fragment-testing:1.3.3] AndroidManifest.xml:29:13-96
51            android:exported="true"
51-->[androidx.fragment:fragment-testing:1.3.3] AndroidManifest.xml:30:13-36
52            android:multiprocess="true"
52-->[androidx.fragment:fragment-testing:1.3.3] AndroidManifest.xml:31:13-40
53            android:taskAffinity=""
53-->[androidx.fragment:fragment-testing:1.3.3] AndroidManifest.xml:32:13-36
54            android:theme="@style/FragmentScenarioEmptyFragmentActivityTheme" >
54-->[androidx.fragment:fragment-testing:1.3.3] AndroidManifest.xml:33:13-78
55            <intent-filter>
55-->[androidx.fragment:fragment-testing:1.3.3] AndroidManifest.xml:34:13-36:29
56                <action android:name="android.intent.action.MAIN" />
56-->src\main\AndroidManifest.xml:33:17-69
56-->src\main\AndroidManifest.xml:33:25-66
57            </intent-filter>
58        </activity>
59
60        <service
60-->[androidx.room:room-runtime:2.3.0] AndroidManifest.xml:25:9-28:40
61            android:name="androidx.room.MultiInstanceInvalidationService"
61-->[androidx.room:room-runtime:2.3.0] AndroidManifest.xml:26:13-74
62            android:directBootAware="true"
62-->[androidx.room:room-runtime:2.3.0] AndroidManifest.xml:27:13-43
63            android:exported="false" />
63-->[androidx.room:room-runtime:2.3.0] AndroidManifest.xml:28:13-37
64
65        <activity
65-->[androidx.test:core:1.3.0] AndroidManifest.xml:27:9-33:20
66            android:name="androidx.test.core.app.InstrumentationActivityInvoker$BootstrapActivity"
66-->[androidx.test:core:1.3.0] AndroidManifest.xml:28:13-99
67            android:theme="@android:style/Theme" >
67-->[androidx.test:core:1.3.0] AndroidManifest.xml:29:13-49
68            <intent-filter>
68-->[androidx.fragment:fragment-testing:1.3.3] AndroidManifest.xml:34:13-36:29
69                <action android:name="android.intent.action.MAIN" />
69-->src\main\AndroidManifest.xml:33:17-69
69-->src\main\AndroidManifest.xml:33:25-66
70            </intent-filter>
71        </activity>
72        <activity
72-->[androidx.test:core:1.3.0] AndroidManifest.xml:34:9-40:20
73            android:name="androidx.test.core.app.InstrumentationActivityInvoker$EmptyActivity"
73-->[androidx.test:core:1.3.0] AndroidManifest.xml:35:13-95
74            android:theme="@android:style/Theme" >
74-->[androidx.test:core:1.3.0] AndroidManifest.xml:36:13-49
75            <intent-filter>
75-->[androidx.fragment:fragment-testing:1.3.3] AndroidManifest.xml:34:13-36:29
76                <action android:name="android.intent.action.MAIN" />
76-->src\main\AndroidManifest.xml:33:17-69
76-->src\main\AndroidManifest.xml:33:25-66
77            </intent-filter>
78        </activity>
79        <activity
79-->[androidx.test:core:1.3.0] AndroidManifest.xml:41:9-47:20
80            android:name="androidx.test.core.app.InstrumentationActivityInvoker$EmptyFloatingActivity"
80-->[androidx.test:core:1.3.0] AndroidManifest.xml:42:13-103
81            android:theme="@android:style/Theme.Dialog" >
81-->[androidx.test:core:1.3.0] AndroidManifest.xml:43:13-56
82            <intent-filter>
82-->[androidx.fragment:fragment-testing:1.3.3] AndroidManifest.xml:34:13-36:29
83                <action android:name="android.intent.action.MAIN" />
83-->src\main\AndroidManifest.xml:33:17-69
83-->src\main\AndroidManifest.xml:33:25-66
84            </intent-filter>
85        </activity>
86    </application>
87
88</manifest>